show rum n
Building configuration...

Current configuration : 1596 bytes
!
! Last configuration change at 14:55:53 UTC Tue Mar 11 2025
!
version 15.7
service timestamps debug datetime msec
service timestamps log datetime msec
no service password-encryption
!
hostname R1
!
boot-start-marker
boot-end-marker
!
!
enable secret 5 $1$QrwN$EMwddzr2eyAQObDKL4YLm.
!
no aaa new-model
memory-size iomem 15
!
!
!
 --More--         !
!
!
!
!
!
ip dhcp excluded-address 192.168.1.1
!
ip dhcp pool DHCP
 network 192.168.1.0 255.255.255.0
 default-router 192.168.1.1 
!
ip dhcp pool VLAN1
!
!
!
no ip domain lookup
ip cef
no ipv6 cef
!
multilink bundle-name authenticated
!
!
 --More--         !
license udi pid CISCO1941/K9 sn FGL2227801K
!
!
!
redundancy
!
!
!
!
!
! 
!
!
!
!
!
!
!
!
!
interface Embedded-Service-Engine0/0
 no ip address
 --More--          shutdown
!
interface GigabitEthernet0/0
 ip address 10.1.1.1 255.255.255.252
 duplex auto
 speed auto
!
interface GigabitEthernet0/1
 ip address 192.168.1.1 255.255.255.0
 duplex auto
 speed auto
!
interface Serial0/0/0
 no ip address
 shutdown
 clock rate 2000000
!
interface Serial0/0/1
 no ip address
 shutdown
 clock rate 2000000
!
router ospf 1
 --More--          passive-interface GigabitEthernet0/1
 network 10.1.1.0 0.0.0.3 area 0
 network 192.168.1.0 0.0.0.255 area 0
!
ip forward-protocol nd
!
no ip http server
no ip http secure-server
!
!
!
!
!
control-plane
!
!
line con 0
line aux 0
line 2
 no activation-character
 no exec
 transport preferred none
 transport output pad telnet rlogin lapb-ta mop udptn v120 ssh
 --More--          stopbits 1
line vty 0 4
 password 123
 login
 transport input telnet
line vty 5 15
 password 123
 login
 transport input telnet
!
scheduler allocate 20000 1000
!
end

R1#    