service timestamps debug datetime msec
service timestamps log datetime msec
no service password-encryption
!
hostname R3
!
boot-start-marker
boot-end-marker
!
!
enable secret 5 $1$O0fQ$SN0AJExgDbAiksQciDoVH1
!
aaa new-model
!
!
!
!
!
!
!
!
aaa session-id common
memory-size iomem 15
!
!
!
!
!
!
!
!
!
!
!
!
no ip domain lookup
ip domain name netsec.com
ip cef
no ipv6 cef
!
multilink bundle-name authenticated
!
!
!
license udi pid CISCO1941/K9 sn FGL22278000
!
!
username user01 secret 8 $8$JvXS04yslcdiNE$hJIOpzlkFG4dEogzJ4UDAHCOT7Pyqh6GhH3ENGyD8i.
username admin privilege 15 secret 8 $8$vElNLb076U451E$0ZB5IaA9eJrRA4I.5WzsPb7JuYub6wDTtCoAJ5MiLBg
!
redundancy
!
!
!
!
!
! 
!
!
!
!
!
!
!
!
!
interface Embedded-Service-Engine0/0
 no ip address
 shutdown
!
interface GigabitEthernet0/0
 ip address 10.2.2.1 255.255.255.252
 no shutdown
 duplex auto
 speed auto
!
interface GigabitEthernet0/1
 ip address 192.168.3.1 255.255.255.0
 no shutdown
 duplex auto
 speed auto
!
interface Serial0/0/0
 no ip address
 shutdown
 clock rate 2000000
!
interface Serial0/0/1
 no ip address
 shutdown
 clock rate 2000000
!
router ospf 1
 passive-interface GigabitEthernet0/1
 network 10.1.1.0 0.0.0.3 area 0
 network 192.168.1.0 0.0.0.255 area 0
!
ip forward-protocol nd
!
no ip http server
no ip http secure-server
!
ip route 0.0.0.0 0.0.0.0 10.2.2.2
!
!
!
!
!
!
control-plane
!
parser view admin1
 secret 5 $1$l05A$P/RUIVrcUIdgji7wxCJGl0
 commands exec include all configure terminal
 commands exec include configure
 commands exec include all show
 commands exec include all debug
!
parser view admin2
 secret 5 $1$q58U$Zhrhx0.zi/tj85ruOfI2N/
 commands exec include all show
!
parser view tech
 secret 5 $1$nQTI$FjDwHKhW1PuG9R5KUN4bF0
 commands exec include show ip interface brief
 commands exec include show ip interface
 commands exec include show ip
 commands exec include show version
 commands exec include show parser view
 commands exec include show parser
 commands exec include show interfaces
 commands exec include show
!
!
line con 0
 exec-timeout 5 0
 logging synchronous
line aux 0
 exec-timeout 5 0
line 2
 no activation-character
 no exec
 transport preferred none
 transport output pad telnet rlogin lapb-ta mop udptn v120 ssh
 stopbits 1
line vty 0 4
 exec-timeout 5 0
 transport input ssh
!
scheduler allocate 20000 1000
!
end
