service timestamps debug datetime msec
service timestamps log datetime msec
no service password-encryption
!
hostname R2
!
boot-start-marker
boot-end-marker
!
!
enable secret 8 $8$8PyXFsmpxUCHS.$d2hsGTAP/u3LmRjeVon6YAan79njSnfdcoiWLaFiXKo
!
no aaa new-model
memory-size iomem 15
!
!
!
!
!
!
!
!
!
!
!
!
no ip domain lookup
ip domain name netsec.com
ip cef
no ipv6 cef
!
multilink bundle-name authenticated
!
!
!
license udi pid CISCO1941/K9 sn FGL2227800H
!
!
username user01 secret 8 $8$bRUACk3QjctZ/E$0WXl1vjnYRrfmbHhx5JDgQkyPE9XVGZb/SPYzKtoCD2
username admin privilege 15 secret 8 $8$Vjov6bXGeNWDhk$syhcWR/HV3oFx/6ISUUuTGGoNgXHPDHoVHdhFWmTEOY
!
redundancy
!
!
!
!
!
! 
!
!
!
!
!
!
!
!
!
interface Embedded-Service-Engine0/0
 no ip address
 shutdown
!
interface GigabitEthernet0/0
 ip address 10.1.1.2 255.255.255.252
 no shutdown
 duplex auto
 speed auto
!
interface GigabitEthernet0/1
 ip address 10.2.2.2 255.255.255.252
 no shutdown
 duplex auto
 speed auto
!
interface Serial0/0/0
 no ip address
 shutdown
 clock rate 2000000
!
interface Serial0/0/1
 no ip address
 shutdown
 clock rate 2000000
!
router ospf 1
 passive-interface GigabitEthernet0/1
 network 10.1.1.0 0.0.0.3 area 0
 network 192.168.1.0 0.0.0.255 area 0
!
ip forward-protocol nd
!
no ip http server
no ip http secure-server
!
ip route 192.168.1.0 255.255.255.0 10.1.1.1
ip route 192.168.3.0 255.255.255.0 10.2.2.1
!
!
!
!
control-plane
!
!
line con 0
 exec-timeout 5 0
 login local
line aux 0
line 2
 no activation-character
 no exec
 transport preferred none
 transport output pad telnet rlogin lapb-ta mop udptn v120 ssh
 stopbits 1
line vty 0 4
 exec-timeout 5 0
 login local
 transport input ssh
!
scheduler allocate 20000 1000
!
end
