service timestamps debug datetime msec
service timestamps log datetime msec
no service password-encryption
!
hostname R2
!
boot-start-marker
boot-end-marker
!
!
!
no aaa new-model
memory-size iomem 15
!
!
!
!
!
!
!
!
!
!
!
!
no ip domain lookup
ip cef
no ipv6 cef
!
multilink bundle-name authenticated
!
!
!
license udi pid CISCO1941/K9 sn FGL2227801J
license boot module c1900 technology-package securityk9
!
!
!
redundancy
!
!
!
!
! 
!
!
!
!
!
!
!
!
!
interface Embedded-Service-Engine0/0
 no ip address
 shutdown
!
interface GigabitEthernet0/0
 ip address 10.1.1.2 255.255.255.252
 no shutdown
 duplex auto
 speed auto
!
interface GigabitEthernet0/1
 ip address 10.2.2.2 255.255.255.252
 no shutdown
 duplex auto
 speed auto
!
interface Serial0/0/0
 no ip address
 shutdown
 clock rate 2000000
!
interface Serial0/0/1
 no ip address
 shutdown
 clock rate 2000000
!
router ospf 101
 network 10.1.1.0 0.0.0.3 area 0
 network 10.2.2.0 0.0.0.3 area 0
!
ip forward-protocol nd
!
no ip http server
no ip http secure-server
!
!
!
!
!
control-plane
!
!
line con 0
line aux 0
line 2
 no activation-character
 no exec
 transport preferred none
 transport output pad telnet rlogin lapb-ta mop udptn v120 ssh
 stopbits 1
line vty 0 4
 login
 transport input none
!
scheduler allocate 20000 1000
!
end
